{"total": {"lines":{"total":773,"covered":299,"skipped":0,"pct":38.68},"statements":{"total":835,"covered":303,"skipped":0,"pct":36.28},"functions":{"total":225,"covered":59,"skipped":0,"pct":26.22},"branches":{"total":532,"covered":54,"skipped":0,"pct":10.15},"branchesTrue":{"total":0,"covered":0,"skipped":0,"pct":100}}
,"/home/runner/work/react-baidu-map/react-baidu-map/packages/api-loader/src/index.tsx": {"lines":{"total":59,"covered":0,"skipped":0,"pct":0},"functions":{"total":14,"covered":0,"skipped":0,"pct":0},"statements":{"total":62,"covered":0,"skipped":0,"pct":0},"branches":{"total":51,"covered":0,"skipped":0,"pct":0}}
,"/home/runner/work/react-baidu-map/react-baidu-map/packages/baidu-map/.kktrc.ts": {"lines":{"total":4,"covered":0,"skipped":0,"pct":0},"functions":{"total":1,"covered":0,"skipped":0,"pct":0},"statements":{"total":4,"covered":0,"skipped":0,"pct":0},"branches":{"total":2,"covered":0,"skipped":0,"pct":0}}
,"/home/runner/work/react-baidu-map/react-baidu-map/packages/baidu-map/src/index.tsx": {"lines":{"total":0,"covered":0,"skipped":0,"pct":0},"functions":{"total":0,"covered":0,"skipped":0,"pct":0},"statements":{"total":0,"covered":0,"skipped":0,"pct":0},"branches":{"total":0,"covered":0,"skipped":0,"pct":0}}
,"/home/runner/work/react-baidu-map/react-baidu-map/packages/canvas-layer/src/index.tsx": {"lines":{"total":3,"covered":3,"skipped":0,"pct":100},"functions":{"total":2,"covered":1,"skipped":0,"pct":50},"statements":{"total":4,"covered":3,"skipped":0,"pct":75},"branches":{"total":0,"covered":0,"skipped":0,"pct":100}}
,"/home/runner/work/react-baidu-map/react-baidu-map/packages/canvas-layer/src/useCanvasLayer.tsx": {"lines":{"total":12,"covered":6,"skipped":0,"pct":50},"functions":{"total":3,"covered":2,"skipped":0,"pct":66.66},"statements":{"total":12,"covered":6,"skipped":0,"pct":50},"branches":{"total":8,"covered":2,"skipped":0,"pct":25}}
,"/home/runner/work/react-baidu-map/react-baidu-map/packages/circle/src/index.tsx": {"lines":{"total":3,"covered":3,"skipped":0,"pct":100},"functions":{"total":2,"covered":1,"skipped":0,"pct":50},"statements":{"total":4,"covered":3,"skipped":0,"pct":75},"branches":{"total":0,"covered":0,"skipped":0,"pct":100}}
,"/home/runner/work/react-baidu-map/react-baidu-map/packages/circle/src/useCircle.tsx": {"lines":{"total":16,"covered":9,"skipped":0,"pct":56.25},"functions":{"total":2,"covered":2,"skipped":0,"pct":100},"statements":{"total":16,"covered":9,"skipped":0,"pct":56.25},"branches":{"total":10,"covered":2,"skipped":0,"pct":20}}
,"/home/runner/work/react-baidu-map/react-baidu-map/packages/control/src/getControl.ts": {"lines":{"total":10,"covered":0,"skipped":0,"pct":0},"functions":{"total":4,"covered":0,"skipped":0,"pct":0},"statements":{"total":10,"covered":0,"skipped":0,"pct":0},"branches":{"total":4,"covered":0,"skipped":0,"pct":0}}
,"/home/runner/work/react-baidu-map/react-baidu-map/packages/control/src/index.tsx": {"lines":{"total":6,"covered":6,"skipped":0,"pct":100},"functions":{"total":4,"covered":2,"skipped":0,"pct":50},"statements":{"total":9,"covered":7,"skipped":0,"pct":77.77},"branches":{"total":0,"covered":0,"skipped":0,"pct":100}}
,"/home/runner/work/react-baidu-map/react-baidu-map/packages/control/src/useControl.tsx": {"lines":{"total":15,"covered":6,"skipped":0,"pct":40},"functions":{"total":4,"covered":1,"skipped":0,"pct":25},"statements":{"total":15,"covered":6,"skipped":0,"pct":40},"branches":{"total":10,"covered":0,"skipped":0,"pct":0}}
,"/home/runner/work/react-baidu-map/react-baidu-map/packages/copyright-control/src/Item.tsx": {"lines":{"total":15,"covered":1,"skipped":0,"pct":6.66},"functions":{"total":4,"covered":0,"skipped":0,"pct":0},"statements":{"total":15,"covered":1,"skipped":0,"pct":6.66},"branches":{"total":13,"covered":0,"skipped":0,"pct":0}}
,"/home/runner/work/react-baidu-map/react-baidu-map/packages/copyright-control/src/index.tsx": {"lines":{"total":8,"covered":5,"skipped":0,"pct":62.5},"functions":{"total":3,"covered":1,"skipped":0,"pct":33.33},"statements":{"total":9,"covered":5,"skipped":0,"pct":55.55},"branches":{"total":2,"covered":0,"skipped":0,"pct":0}}
,"/home/runner/work/react-baidu-map/react-baidu-map/packages/copyright-control/src/useCopyrightControl.tsx": {"lines":{"total":14,"covered":7,"skipped":0,"pct":50},"functions":{"total":3,"covered":1,"skipped":0,"pct":33.33},"statements":{"total":14,"covered":7,"skipped":0,"pct":50},"branches":{"total":11,"covered":0,"skipped":0,"pct":0}}
,"/home/runner/work/react-baidu-map/react-baidu-map/packages/curve-line/src/index.tsx": {"lines":{"total":4,"covered":4,"skipped":0,"pct":100},"functions":{"total":3,"covered":1,"skipped":0,"pct":33.33},"statements":{"total":6,"covered":4,"skipped":0,"pct":66.66},"branches":{"total":0,"covered":0,"skipped":0,"pct":100}}
,"/home/runner/work/react-baidu-map/react-baidu-map/packages/curve-line/src/useCurveLine.tsx": {"lines":{"total":37,"covered":19,"skipped":0,"pct":51.35},"functions":{"total":10,"covered":2,"skipped":0,"pct":20},"statements":{"total":40,"covered":19,"skipped":0,"pct":47.5},"branches":{"total":36,"covered":12,"skipped":0,"pct":33.33}}
,"/home/runner/work/react-baidu-map/react-baidu-map/packages/custom-overlay/src/index.tsx": {"lines":{"total":5,"covered":4,"skipped":0,"pct":80},"functions":{"total":2,"covered":1,"skipped":0,"pct":50},"statements":{"total":6,"covered":4,"skipped":0,"pct":66.66},"branches":{"total":2,"covered":1,"skipped":0,"pct":50}}
,"/home/runner/work/react-baidu-map/react-baidu-map/packages/custom-overlay/src/useCustomOverlay.tsx": {"lines":{"total":58,"covered":13,"skipped":0,"pct":22.41},"functions":{"total":14,"covered":3,"skipped":0,"pct":21.42},"statements":{"total":58,"covered":13,"skipped":0,"pct":22.41},"branches":{"total":28,"covered":4,"skipped":0,"pct":14.28}}
,"/home/runner/work/react-baidu-map/react-baidu-map/packages/drawing-manager/src/index.tsx": {"lines":{"total":3,"covered":3,"skipped":0,"pct":100},"functions":{"total":2,"covered":1,"skipped":0,"pct":50},"statements":{"total":4,"covered":3,"skipped":0,"pct":75},"branches":{"total":0,"covered":0,"skipped":0,"pct":100}}
,"/home/runner/work/react-baidu-map/react-baidu-map/packages/drawing-manager/src/useDrawingManager.tsx": {"lines":{"total":26,"covered":14,"skipped":0,"pct":53.84},"functions":{"total":8,"covered":2,"skipped":0,"pct":25},"statements":{"total":26,"covered":14,"skipped":0,"pct":53.84},"branches":{"total":23,"covered":10,"skipped":0,"pct":43.47}}
,"/home/runner/work/react-baidu-map/react-baidu-map/packages/geolocation-control/src/index.tsx": {"lines":{"total":3,"covered":3,"skipped":0,"pct":100},"functions":{"total":2,"covered":1,"skipped":0,"pct":50},"statements":{"total":4,"covered":3,"skipped":0,"pct":75},"branches":{"total":0,"covered":0,"skipped":0,"pct":100}}
,"/home/runner/work/react-baidu-map/react-baidu-map/packages/geolocation-control/src/useGeolocationControl.tsx": {"lines":{"total":14,"covered":7,"skipped":0,"pct":50},"functions":{"total":3,"covered":1,"skipped":0,"pct":33.33},"statements":{"total":14,"covered":7,"skipped":0,"pct":50},"branches":{"total":11,"covered":0,"skipped":0,"pct":0}}
,"/home/runner/work/react-baidu-map/react-baidu-map/packages/ground-overlay/src/index.tsx": {"lines":{"total":3,"covered":3,"skipped":0,"pct":100},"functions":{"total":2,"covered":1,"skipped":0,"pct":50},"statements":{"total":4,"covered":3,"skipped":0,"pct":75},"branches":{"total":0,"covered":0,"skipped":0,"pct":100}}
,"/home/runner/work/react-baidu-map/react-baidu-map/packages/ground-overlay/src/useGroundOverlay.ts": {"lines":{"total":14,"covered":7,"skipped":0,"pct":50},"functions":{"total":3,"covered":1,"skipped":0,"pct":33.33},"statements":{"total":14,"covered":7,"skipped":0,"pct":50},"branches":{"total":10,"covered":0,"skipped":0,"pct":0}}
,"/home/runner/work/react-baidu-map/react-baidu-map/packages/info-window/src/index.tsx": {"lines":{"total":9,"covered":9,"skipped":0,"pct":100},"functions":{"total":7,"covered":3,"skipped":0,"pct":42.85},"statements":{"total":15,"covered":11,"skipped":0,"pct":73.33},"branches":{"total":2,"covered":1,"skipped":0,"pct":50}}
,"/home/runner/work/react-baidu-map/react-baidu-map/packages/info-window/src/useInfoWindow.ts": {"lines":{"total":22,"covered":12,"skipped":0,"pct":54.54},"functions":{"total":4,"covered":2,"skipped":0,"pct":50},"statements":{"total":22,"covered":12,"skipped":0,"pct":54.54},"branches":{"total":20,"covered":4,"skipped":0,"pct":20}}
,"/home/runner/work/react-baidu-map/react-baidu-map/packages/label/src/index.tsx": {"lines":{"total":3,"covered":3,"skipped":0,"pct":100},"functions":{"total":2,"covered":1,"skipped":0,"pct":50},"statements":{"total":4,"covered":3,"skipped":0,"pct":75},"branches":{"total":0,"covered":0,"skipped":0,"pct":100}}
,"/home/runner/work/react-baidu-map/react-baidu-map/packages/label/src/useLabel.ts": {"lines":{"total":18,"covered":8,"skipped":0,"pct":44.44},"functions":{"total":3,"covered":1,"skipped":0,"pct":33.33},"statements":{"total":19,"covered":8,"skipped":0,"pct":42.1},"branches":{"total":13,"covered":0,"skipped":0,"pct":0}}
,"/home/runner/work/react-baidu-map/react-baidu-map/packages/map/src/index.tsx": {"lines":{"total":11,"covered":9,"skipped":0,"pct":81.81},"functions":{"total":6,"covered":2,"skipped":0,"pct":33.33},"statements":{"total":16,"covered":10,"skipped":0,"pct":62.5},"branches":{"total":13,"covered":5,"skipped":0,"pct":38.46}}
,"/home/runner/work/react-baidu-map/react-baidu-map/packages/map/src/useMap.tsx": {"lines":{"total":41,"covered":15,"skipped":0,"pct":36.58},"functions":{"total":7,"covered":2,"skipped":0,"pct":28.57},"statements":{"total":41,"covered":15,"skipped":0,"pct":36.58},"branches":{"total":42,"covered":6,"skipped":0,"pct":14.28}}
,"/home/runner/work/react-baidu-map/react-baidu-map/packages/marker/src/index.tsx": {"lines":{"total":4,"covered":4,"skipped":0,"pct":100},"functions":{"total":3,"covered":1,"skipped":0,"pct":33.33},"statements":{"total":6,"covered":4,"skipped":0,"pct":66.66},"branches":{"total":2,"covered":0,"skipped":0,"pct":0}}
,"/home/runner/work/react-baidu-map/react-baidu-map/packages/marker/src/markers.ts": {"lines":{"total":1,"covered":1,"skipped":0,"pct":100},"functions":{"total":0,"covered":0,"skipped":0,"pct":100},"statements":{"total":1,"covered":1,"skipped":0,"pct":100},"branches":{"total":0,"covered":0,"skipped":0,"pct":100}}
,"/home/runner/work/react-baidu-map/react-baidu-map/packages/marker/src/useMarker.tsx": {"lines":{"total":30,"covered":11,"skipped":0,"pct":36.66},"functions":{"total":5,"covered":1,"skipped":0,"pct":20},"statements":{"total":33,"covered":11,"skipped":0,"pct":33.33},"branches":{"total":13,"covered":2,"skipped":0,"pct":15.38}}
,"/home/runner/work/react-baidu-map/react-baidu-map/packages/navigation-control/src/index.tsx": {"lines":{"total":3,"covered":3,"skipped":0,"pct":100},"functions":{"total":2,"covered":1,"skipped":0,"pct":50},"statements":{"total":4,"covered":3,"skipped":0,"pct":75},"branches":{"total":0,"covered":0,"skipped":0,"pct":100}}
,"/home/runner/work/react-baidu-map/react-baidu-map/packages/navigation-control/src/useNavigationControl.tsx": {"lines":{"total":13,"covered":6,"skipped":0,"pct":46.15},"functions":{"total":3,"covered":1,"skipped":0,"pct":33.33},"statements":{"total":14,"covered":6,"skipped":0,"pct":42.85},"branches":{"total":11,"covered":0,"skipped":0,"pct":0}}
,"/home/runner/work/react-baidu-map/react-baidu-map/packages/overview-map-control/src/index.tsx": {"lines":{"total":3,"covered":3,"skipped":0,"pct":100},"functions":{"total":2,"covered":1,"skipped":0,"pct":50},"statements":{"total":4,"covered":3,"skipped":0,"pct":75},"branches":{"total":0,"covered":0,"skipped":0,"pct":100}}
,"/home/runner/work/react-baidu-map/react-baidu-map/packages/overview-map-control/src/useOverviewMapControl.tsx": {"lines":{"total":13,"covered":7,"skipped":0,"pct":53.84},"functions":{"total":3,"covered":1,"skipped":0,"pct":33.33},"statements":{"total":13,"covered":7,"skipped":0,"pct":53.84},"branches":{"total":7,"covered":0,"skipped":0,"pct":0}}
,"/home/runner/work/react-baidu-map/react-baidu-map/packages/panorama-control/src/index.tsx": {"lines":{"total":3,"covered":3,"skipped":0,"pct":100},"functions":{"total":2,"covered":1,"skipped":0,"pct":50},"statements":{"total":4,"covered":3,"skipped":0,"pct":75},"branches":{"total":0,"covered":0,"skipped":0,"pct":100}}
,"/home/runner/work/react-baidu-map/react-baidu-map/packages/panorama-control/src/usePanoramaControl.tsx": {"lines":{"total":11,"covered":5,"skipped":0,"pct":45.45},"functions":{"total":3,"covered":1,"skipped":0,"pct":33.33},"statements":{"total":11,"covered":5,"skipped":0,"pct":45.45},"branches":{"total":5,"covered":0,"skipped":0,"pct":0}}
,"/home/runner/work/react-baidu-map/react-baidu-map/packages/point-collection/src/index.tsx": {"lines":{"total":4,"covered":4,"skipped":0,"pct":100},"functions":{"total":3,"covered":1,"skipped":0,"pct":33.33},"statements":{"total":6,"covered":4,"skipped":0,"pct":66.66},"branches":{"total":0,"covered":0,"skipped":0,"pct":100}}
,"/home/runner/work/react-baidu-map/react-baidu-map/packages/point-collection/src/usePointCollection.ts": {"lines":{"total":31,"covered":11,"skipped":0,"pct":35.48},"functions":{"total":6,"covered":1,"skipped":0,"pct":16.66},"statements":{"total":36,"covered":11,"skipped":0,"pct":30.55},"branches":{"total":24,"covered":0,"skipped":0,"pct":0}}
,"/home/runner/work/react-baidu-map/react-baidu-map/packages/polygon/src/index.tsx": {"lines":{"total":4,"covered":4,"skipped":0,"pct":100},"functions":{"total":3,"covered":1,"skipped":0,"pct":33.33},"statements":{"total":6,"covered":4,"skipped":0,"pct":66.66},"branches":{"total":0,"covered":0,"skipped":0,"pct":100}}
,"/home/runner/work/react-baidu-map/react-baidu-map/packages/polygon/src/usePolygon.tsx": {"lines":{"total":21,"covered":11,"skipped":0,"pct":52.38},"functions":{"total":6,"covered":1,"skipped":0,"pct":16.66},"statements":{"total":24,"covered":11,"skipped":0,"pct":45.83},"branches":{"total":13,"covered":1,"skipped":0,"pct":7.69}}
,"/home/runner/work/react-baidu-map/react-baidu-map/packages/polyline/src/index.tsx": {"lines":{"total":4,"covered":4,"skipped":0,"pct":100},"functions":{"total":3,"covered":1,"skipped":0,"pct":33.33},"statements":{"total":6,"covered":4,"skipped":0,"pct":66.66},"branches":{"total":0,"covered":0,"skipped":0,"pct":100}}
,"/home/runner/work/react-baidu-map/react-baidu-map/packages/polyline/src/usePolyline.tsx": {"lines":{"total":23,"covered":13,"skipped":0,"pct":56.52},"functions":{"total":7,"covered":2,"skipped":0,"pct":28.57},"statements":{"total":25,"covered":13,"skipped":0,"pct":52},"branches":{"total":17,"covered":3,"skipped":0,"pct":17.64}}
,"/home/runner/work/react-baidu-map/react-baidu-map/packages/require-script/src/index.tsx": {"lines":{"total":14,"covered":0,"skipped":0,"pct":0},"functions":{"total":5,"covered":0,"skipped":0,"pct":0},"statements":{"total":15,"covered":0,"skipped":0,"pct":0},"branches":{"total":14,"covered":0,"skipped":0,"pct":0}}
,"/home/runner/work/react-baidu-map/react-baidu-map/packages/scale-control/src/index.tsx": {"lines":{"total":3,"covered":3,"skipped":0,"pct":100},"functions":{"total":2,"covered":1,"skipped":0,"pct":50},"statements":{"total":4,"covered":3,"skipped":0,"pct":75},"branches":{"total":0,"covered":0,"skipped":0,"pct":100}}
,"/home/runner/work/react-baidu-map/react-baidu-map/packages/scale-control/src/useScaleControl.tsx": {"lines":{"total":12,"covered":6,"skipped":0,"pct":50},"functions":{"total":3,"covered":1,"skipped":0,"pct":33.33},"statements":{"total":12,"covered":6,"skipped":0,"pct":50},"branches":{"total":7,"covered":0,"skipped":0,"pct":0}}
,"/home/runner/work/react-baidu-map/react-baidu-map/packages/tile-layer/src/index.tsx": {"lines":{"total":4,"covered":4,"skipped":0,"pct":100},"functions":{"total":3,"covered":1,"skipped":0,"pct":33.33},"statements":{"total":6,"covered":4,"skipped":0,"pct":66.66},"branches":{"total":0,"covered":0,"skipped":0,"pct":100}}
,"/home/runner/work/react-baidu-map/react-baidu-map/packages/tile-layer/src/useTileLayer.ts": {"lines":{"total":19,"covered":6,"skipped":0,"pct":31.57},"functions":{"total":4,"covered":1,"skipped":0,"pct":25},"statements":{"total":19,"covered":6,"skipped":0,"pct":31.57},"branches":{"total":18,"covered":1,"skipped":0,"pct":5.55}}
,"/home/runner/work/react-baidu-map/react-baidu-map/packages/type-control/src/index.tsx": {"lines":{"total":3,"covered":3,"skipped":0,"pct":100},"functions":{"total":2,"covered":1,"skipped":0,"pct":50},"statements":{"total":4,"covered":3,"skipped":0,"pct":75},"branches":{"total":0,"covered":0,"skipped":0,"pct":100}}
,"/home/runner/work/react-baidu-map/react-baidu-map/packages/type-control/src/useMapTypeControl.tsx": {"lines":{"total":12,"covered":6,"skipped":0,"pct":50},"functions":{"total":3,"covered":1,"skipped":0,"pct":33.33},"statements":{"total":12,"covered":6,"skipped":0,"pct":50},"branches":{"total":7,"covered":0,"skipped":0,"pct":0}}
,"/home/runner/work/react-baidu-map/react-baidu-map/packages/utils/src/hooks.tsx": {"lines":{"total":50,"covered":0,"skipped":0,"pct":0},"functions":{"total":13,"covered":0,"skipped":0,"pct":0},"statements":{"total":51,"covered":0,"skipped":0,"pct":0},"branches":{"total":60,"covered":0,"skipped":0,"pct":0}}
,"/home/runner/work/react-baidu-map/react-baidu-map/packages/utils/src/index.ts": {"lines":{"total":0,"covered":0,"skipped":0,"pct":0},"functions":{"total":0,"covered":0,"skipped":0,"pct":0},"statements":{"total":0,"covered":0,"skipped":0,"pct":0},"branches":{"total":0,"covered":0,"skipped":0,"pct":0}}
,"/home/runner/work/react-baidu-map/react-baidu-map/packages/utils/src/noop.ts": {"lines":{"total":0,"covered":0,"skipped":0,"pct":0},"functions":{"total":1,"covered":0,"skipped":0,"pct":0},"statements":{"total":0,"covered":0,"skipped":0,"pct":0},"branches":{"total":0,"covered":0,"skipped":0,"pct":0}}
,"/home/runner/work/react-baidu-map/react-baidu-map/packages/utils/src/requireScript.ts": {"lines":{"total":33,"covered":0,"skipped":0,"pct":0},"functions":{"total":8,"covered":0,"skipped":0,"pct":0},"statements":{"total":33,"covered":0,"skipped":0,"pct":0},"branches":{"total":14,"covered":0,"skipped":0,"pct":0}}
,"/home/runner/work/react-baidu-map/react-baidu-map/packages/utils/src/useCreatePortal.tsx": {"lines":{"total":16,"covered":0,"skipped":0,"pct":0},"functions":{"total":3,"covered":0,"skipped":0,"pct":0},"statements":{"total":16,"covered":0,"skipped":0,"pct":0},"branches":{"total":9,"covered":0,"skipped":0,"pct":0}}
,"/home/runner/work/react-baidu-map/react-baidu-map/packages/with-map/src/index.tsx": {"lines":{"total":3,"covered":2,"skipped":0,"pct":66.66},"functions":{"total":3,"covered":2,"skipped":0,"pct":66.66},"statements":{"total":3,"covered":2,"skipped":0,"pct":66.66},"branches":{"total":0,"covered":0,"skipped":0,"pct":100}}
}
